***************
* REMOTE SDR  *
* Changes Log *
***************
Version 4.3 (January 2022)
- RX Audio. Second output filtered or not to connect an external software via a VB cable for example
- TX Audio. Possibility to select microphone or external input via VB cable for example
- Omnirig Interface to drive the frequency and the transmit order from an external software (ex MMSSTV, WSJT-X..)
Version 4.2 (December 2021)
- Remove ScriptProcessorNode in RX and TX Audio which is deprecated and replaced by AudioWorkletNode.
- Introduce CTCSS oscillator based on a Oscillator Node.
- Equalizer for the TX microphone.
- Equalizer, Notch filter and Noise filter for the RX Audio.
- Direct RX audio, without filtering, from demodulation to the output to speaker or virtual cable.
- Reduction around 100ms of RX latency.
- Page layout modifications
- Possibility to display external pages in an iframe. To be defined in configurationRX.js page
- Example: GS 232 rotator control in an iframe
- Spectrum and Waterfall color selection
- Spatial filter on spectrum and waterfall to adjust the noise level on the whole band
- Push button to align TX frequency on RX frequency by adjusting the TX frequency correction in SSB


Version 4.1 (November 2021)
***********
- Changes log (this file) creation
- Publish in the browser console when start TX audio stream (TX START Transmit) or stop TX audio stream (TX STOP Transmit)
- Publish in the browser console when RX GPIO and TX GPIO are set
- RemoteKey.js creation to manage USB serial interfaces
- Rotating knob on USB
- Transmit pushbutton on USB
- CW keyer on USB mode: simple paddle, bug, iambic A or iambic B.
- CW Signal processing (GNU-RADIO) for pluto and hackrf
- Bug correction frequency steps in NBFM and WBFM
- Parameter in the configuration files to invert LSB and USB on the RX and/or TX

Version 4.0 (November 2021)
***********
- Raspberry OS - Bullseye for the Raspberry 4B image
- NBFM transmission with VHF and UHF module SA818 (for Orange Pi Zero2 only)
- Modifications on GPIO management to drive  SA818
- 1750 Hz signal generator
- Signal processing stops when no web client connected
- If CPU temperature exceeds 65°C pin 7 (Opiz2 and Rpi4) or pin 12 (Opi One+) set to 1

Version 3.2 (October 2021)
***********
- Fix bugs for HackRF and RTL-SDR running with Orange Pi Zero 2
- Band automatic scanning

Version 3.1 (September 2021)
***********
- Radio processing SSB, NBFM, WBFM, AM grouped in one set to allow rapid switching between modulations
- Interface to Gpredict to compensate Doppler

Version 3.0 (September 2021)
***********
- Armbian Bullseye for Orange Pi
- Raspbian upgrade to Bullseye
- GNU-RADIO 3.8 for radio processing

Version 2.0 (May 2021)
***********
- Adalm-Pluto processing
- New demodulations NBFM, WBFM and AM
- CTSS encoder
- DTMF encoder
- Programmable frequency shift for relays


Version 1.0 (May 2020)
***********
- First release to drive a transceiver with 2 HackRF One dedicated to QO-100