Sat Jan 29 10:22:25 2022 : --- Clear log too long ---Sat Jan 29 10:22:31 2022 : Order received : HelloTX
Temperature : 40
Sat Jan 29 10:22:44 2022 : Order received : HelloRX
Sat Jan 29 10:22:53 2022 : Order received : HelloTX
Sat Jan 29 10:23:02 2022 : Order received : HelloRX
Temperature : 41
Temperature : 41
Temperature : 40
Sat Jan 29 10:24:10 2022 : Order received : rx_stop
Sat Jan 29 10:24:10 2022 : Terminate RX hack_rx_sanw_v3.py  due to  rx_stop
Sat Jan 29 10:24:10 2022 : Order received : tx_stop
Sat Jan 29 10:24:10 2022 : Terminate TX hack_tx_ssbnbfm_v3.py  due to  tx_stop
Sat Jan 29 10:24:36 2022 : Order received : rx_stop
Sat Jan 29 10:24:36 2022 : Order received : tx_stop
Sat Jan 29 10:24:36 2022 : Order received : hack_rx_sanw_v3.py
Sat Jan 29 10:24:36 2022 : Launch RX :  hack_rx_sanw_v3.py
Sat Jan 29 10:24:36 2022 : Start RX :  hack_rx_sanw_v3.py
Sat Jan 29 10:24:36 2022 : Order received : hack_tx_ssbnbfm_v3.py
Sat Jan 29 10:24:36 2022 : Launch TX :  hack_tx_ssbnbfm_v3.py  and ocillator pin 26 or pin 10
Sat Jan 29 10:24:36 2022 : Start TX :  hack_tx_ssbnbfm_v3.py
Sat Jan 29 10:24:40 2022 : Order received : rx_stop
Sat Jan 29 10:24:40 2022 : Terminate RX hack_rx_sanw_v3.py  due to  rx_stop
Sat Jan 29 10:24:40 2022 : Order received : tx_stop
Sat Jan 29 10:24:40 2022 : Terminate TX hack_tx_ssbnbfm_v3.py  due to  tx_stop
Temperature : 37
Sat Jan 29 10:24:40 2022 : Order received : hack_rx_sanw_v3.py
Sat Jan 29 10:24:40 2022 : Launch RX :  hack_rx_sanw_v3.py
Sat Jan 29 10:24:41 2022 : Start RX :  hack_rx_sanw_v3.py
Sat Jan 29 10:24:41 2022 : Order received : hack_tx_ssbnbfm_v3.py
Sat Jan 29 10:24:41 2022 : Launch TX :  hack_tx_ssbnbfm_v3.py  and ocillator pin 26 or pin 10
Sat Jan 29 10:24:41 2022 : Start TX :  hack_tx_ssbnbfm_v3.py
Sat Jan 29 10:25:02 2022 : Order received : HelloRX
Sat Jan 29 10:25:05 2022 : Order received : HelloTX
Temperature : 40
Sat Jan 29 10:25:21 2022 : Order received : HelloRX
Sat Jan 29 10:25:27 2022 : Order received : HelloTX
Sat Jan 29 10:25:40 2022 : Order received : HelloRX
Temperature : 40
Sat Jan 29 10:25:49 2022 : Order received : HelloTX
Sat Jan 29 10:25:58 2022 : Order received : HelloRX
Temperature : 41
Sat Jan 29 10:26:11 2022 : Order received : HelloTX
Sat Jan 29 10:26:17 2022 : Order received : HelloRX
Sat Jan 29 10:26:32 2022 : Order received : HelloTX
Sat Jan 29 10:26:35 2022 : Order received : HelloRX
Temperature : 41
Sat Jan 29 10:26:54 2022 : Order received : HelloTX
Sat Jan 29 10:26:54 2022 : Order received : HelloRX
